<?xml version="1.0" encoding="UTF-8"?>
<testng-results ignored="0" total="1" passed="1" failed="0" skipped="0">
  <reporter-output>
  </reporter-output>
  <suite started-at="2025-06-02T09:10:18 IST" name="Default suite" finished-at="2025-06-02T09:10:26 IST" duration-ms="7842">
    <groups>
      <group name="cucumber">
        <method signature="AbstractTestNGCucumberTests.runScenario(io.cucumber.testng.PickleWrapper,io.cucumber.testng.FeatureWrapper)[pri:0, instance:test.TestRunner@47eaca72]" name="runScenario" class="io.cucumber.testng.AbstractTestNGCucumberTests"/>
      </group> <!-- cucumber -->
    </groups>
    <test started-at="2025-06-02T09:10:18 IST" name="Default test" finished-at="2025-06-02T09:10:26 IST" duration-ms="7842">
      <class name="test.TestRunner">
        <test-method is-config="true" signature="setUpClass(org.testng.ITestContext)[pri:0, instance:test.TestRunner@47eaca72]" started-at="2025-06-02T09:10:18 IST" name="setUpClass" finished-at="2025-06-02T09:10:19 IST" duration-ms="926" status="PASS">
          <params>
            <param index="0">
              <value>
                <![CDATA[org.testng.TestRunner@234a8f27]]>
              </value>
            </param>
          </params>
          <reporter-output>
          </reporter-output>
        </test-method> <!-- setUpClass -->
        <test-method signature="runScenario(io.cucumber.testng.PickleWrapper,io.cucumber.testng.FeatureWrapper)[pri:0, instance:test.TestRunner@47eaca72]" started-at="2025-06-02T09:10:19 IST" name="runScenario" description="Runs Cucumber Scenarios" data-provider="scenarios" finished-at="2025-06-02T09:10:26 IST" duration-ms="6801" status="PASS">
          <params>
            <param index="0">
              <value>
                <![CDATA["search for something on the google"]]>
              </value>
            </param>
            <param index="1">
              <value>
                <![CDATA["Launch the google page"]]>
              </value>
            </param>
          </params>
          <reporter-output>
          </reporter-output>
        </test-method> <!-- runScenario -->
        <test-method is-config="true" signature="tearDownClass()[pri:0, instance:test.TestRunner@47eaca72]" started-at="2025-06-02T09:10:26 IST" name="tearDownClass" finished-at="2025-06-02T09:10:26 IST" duration-ms="59" status="PASS">
          <reporter-output>
          </reporter-output>
        </test-method> <!-- tearDownClass -->
      </class> <!-- test.TestRunner -->
    </test> <!-- Default test -->
  </suite> <!-- Default suite -->
</testng-results>
